[04jun.2024 00:47:00.785] [Server thread/WARN] [net.minecraft.server.level.ServerPlayerGameMode/]: Mismatch in destroy block pos: BlockPos{x=1149, y=73, z=1329} BlockPos{x=1148, y=71, z=1329}
[04jun.2024 00:56:28.465] [Server thread/INFO] [net.minecraft.server.MinecraftServer/]: [DiandraEli: Set the time to 1000]
[04jun.2024 01:06:26.526] [Server thread/INFO] [net.minecraft.server.MinecraftServer/]: [DiandraEli: Set the time to 1000]
[04jun.2024 01:09:12.527] [Worker-Main-36/WARN] [net.minecraft.world.level.levelgen.structure.pools.JigsawPlacement/]: Empty or non-existent pool: dungeons_arise:underworld/foundry/foundry_corridor_gears
[04jun.2024 01:09:12.527] [Worker-Main-36/WARN] [net.minecraft.world.level.levelgen.structure.pools.JigsawPlacement/]: Empty or non-existent pool: dungeons_arise:underworld/foundry/foundry_corridor_gears
[04jun.2024 01:09:12.533] [Worker-Main-36/WARN] [net.minecraft.world.level.levelgen.structure.pools.JigsawPlacement/]: Empty or non-existent pool: dungeons_arise:underworld/foundry/foundry_corridor_gears
[04jun.2024 01:09:12.534] [Worker-Main-36/WARN] [net.minecraft.world.level.levelgen.structure.pools.JigsawPlacement/]: Empty or non-existent pool: dungeons_arise:underworld/foundry/foundry_corridor_gears
[04jun.2024 01:09:12.537] [Worker-Main-36/WARN] [net.minecraft.world.level.levelgen.structure.pools.JigsawPlacement/]: Empty or non-existent pool: dungeons_arise:underworld/foundry/foundry_corridor_gears
[04jun.2024 01:09:12.537] [Worker-Main-36/WARN] [net.minecraft.world.level.levelgen.structure.pools.JigsawPlacement/]: Empty or non-existent pool: dungeons_arise:underworld/foundry/foundry_corridor_gears
[04jun.2024 01:09:13.559] [Server thread/WARN] [net.minecraft.server.MinecraftServer/]: Can't keep up! Is the server overloaded? Running 5154ms or 103 ticks behind
[04jun.2024 01:16:37.328] [Server thread/INFO] [net.minecraft.server.MinecraftServer/]: [DiandraEli: Set the time to 1000]
[04jun.2024 01:19:34.562] [Worker-Main-45/WARN] [net.minecraft.world.level.levelgen.structure.pools.JigsawPlacement/]: Empty or non-existent pool: dungeons_arise:underworld/foundry/foundry_corridor_gears
[04jun.2024 01:19:34.562] [Worker-Main-45/WARN] [net.minecraft.world.level.levelgen.structure.pools.JigsawPlacement/]: Empty or non-existent pool: dungeons_arise:underworld/foundry/foundry_corridor_gears
[04jun.2024 01:23:24.365] [Server thread/INFO] [net.minecraft.server.network.ServerGamePacketListenerImpl/]: DiandraEli lost connection: Disconnected
[04jun.2024 01:23:24.365] [Server thread/INFO] [net.minecraft.server.MinecraftServer/]: DiandraEli left the game
[04jun.2024 01:23:24.366] [Server thread/INFO] [voicechat/]: [voicechat] Disconnecting client DiandraEli
[04jun.2024 06:42:18.118] [Server thread/INFO] [net.minecraft.server.MinecraftServer/]: Stopping server
[04jun.2024 06:42:18.119] [Server thread/INFO] [net.minecraft.server.MinecraftServer/]: Saving players
[04jun.2024 06:42:18.119] [Server thread/INFO] [net.minecraft.server.MinecraftServer/]: Saving worlds
[04jun.2024 06:42:18.165] [Server thread/INFO] [net.minecraft.server.MinecraftServer/]: Saving chunks for level 'ServerLevel[world]'/minecraft:overworld
[04jun.2024 06:42:18.261] [Server thread/INFO] [net.minecraft.server.MinecraftServer/]: Saving chunks for level 'ServerLevel[world]'/minecraft:the_end
[04jun.2024 06:42:18.263] [Server thread/INFO] [net.minecraft.server.MinecraftServer/]: Saving chunks for level 'ServerLevel[world]'/twilightforest:twilight_forest
[04jun.2024 06:42:18.264] [Server thread/INFO] [net.minecraft.server.MinecraftServer/]: Saving chunks for level 'ServerLevel[world]'/minecraft:the_nether
[04jun.2024 06:42:18.293] [Server thread/INFO] [net.minecraft.server.MinecraftServer/]: ThreadedAnvilChunkStorage (world): All chunks are saved
[04jun.2024 06:42:18.293] [Server thread/INFO] [net.minecraft.server.MinecraftServer/]: ThreadedAnvilChunkStorage (DIM1): All chunks are saved
[04jun.2024 06:42:18.293] [Server thread/INFO] [net.minecraft.server.MinecraftServer/]: ThreadedAnvilChunkStorage (twilight_forest): All chunks are saved
[04jun.2024 06:42:18.295] [Server thread/INFO] [net.minecraft.server.MinecraftServer/]: ThreadedAnvilChunkStorage (DIM-1): All chunks are saved
[04jun.2024 06:42:18.295] [Server thread/INFO] [net.minecraft.server.MinecraftServer/]: ThreadedAnvilChunkStorage: All dimensions are saved
[04jun.2024 06:42:18.510] [Server thread/INFO] [Framework/]: Unloading server configs...
[04jun.2024 06:42:18.513] [Server thread/INFO] [journeymap/]: Loading JourneyMap Forge Configs
